-- Debug timestamp(Europe/Paris): 2025-08-31T02:54:42.700880+02:00 --
Today is 2025-08-31, Sunday
Next Saturday is 2025-09-06, checking...
{'status': 'succeeded', 'slot21h_booking_status': 'not_opened', 'slot21h_count': 0, 'slot22h_booking_status': 'not_opened', 'slot22h_count': 0, 'error_message': ''}
Next Sunday is 2025-08-31, checking...
{'status': 'succeeded', 'slot21h_booking_status': 'opened', 'slot21h_count': 0, 'slot22h_booking_status': 'opened', 'slot22h_count': 1, 'error_message': ''}
Run result saved

-- Debug timestamp(Europe/Paris): 2025-08-31T02:55:32.093046+02:00 --
Today is 2025-08-31, Sunday
Next Saturday is 2025-09-06, checking...
{'status': 'succeeded', 'slot21h_booking_status': 'not_opened', 'slot21h_count': 0, 'slot22h_booking_status': 'not_opened', 'slot22h_count': 0, 'error_message': ''}
Next Sunday is 2025-08-31, checking...
{'status': 'succeeded', 'slot21h_booking_status': 'opened', 'slot21h_count': 0, 'slot22h_booking_status': 'opened', 'slot22h_count': 1, 'error_message': ''}
Mail sent
Run result saved

-- Debug timestamp(Europe/Paris): 2025-08-31T03:00:55.102429+02:00 --
Today is 2025-08-31, Sunday
Next Saturday is 2025-09-06, checking...
{'status': 'succeeded', 'slot21h_booking_status': 'not_opened', 'slot21h_count': 0, 'slot22h_booking_status': 'not_opened', 'slot22h_count': 0, 'error_message': ''}
Next Sunday is 2025-08-31, checking...
{'status': 'succeeded', 'slot21h_booking_status': 'opened', 'slot21h_count': 0, 'slot22h_booking_status': 'opened', 'slot22h_count': 1, 'error_message': ''}
Run result saved

-- Debug timestamp(Europe/Paris): 2025-08-31T03:01:18.156073+02:00 --
Today is 2025-08-31, Sunday
Next Saturday is 2025-09-06, checking...
{'status': 'succeeded', 'slot21h_booking_status': 'not_opened', 'slot21h_count': 0, 'slot22h_booking_status': 'not_opened', 'slot22h_count': 0, 'error_message': ''}
Next Sunday is 2025-08-31, checking...
{'status': 'succeeded', 'slot21h_booking_status': 'opened', 'slot21h_count': 0, 'slot22h_booking_status': 'opened', 'slot22h_count': 1, 'error_message': ''}
Mail sent
Run result saved

-- Debug timestamp(Europe/Paris): 2025-08-31T03:10:24.974361+02:00 --
Today is 2025-08-31, Sunday
Next Saturday is 2025-09-06, checking...
{'status': 'succeeded', 'slot21h_booking_status': 'not_opened', 'slot21h_count': 0, 'slot22h_booking_status': 'not_opened', 'slot22h_count': 0, 'error_message': ''}
Next Sunday is 2025-08-31, checking...
{'status': 'succeeded', 'slot21h_booking_status': 'opened', 'slot21h_count': 0, 'slot22h_booking_status': 'opened', 'slot22h_count': 1, 'error_message': ''}
Run result saved

-- Debug timestamp: 2025-08-30T10:29:23.590102 --
今天是 2025-08-30, Saturday
下周六是 2025-08-30, 正在检查...
21点：无可用场地
22点：无可用场地
下周日是 2025-08-31, 正在检查...
21点：无可用场地
22点：剩余 1 个场地
暂无更新

-- Debug timestamp: 2025-08-30T10:40:34.076413 --
今天是 2025-08-30, Saturday
下周六是 2025-08-30, 正在检查...
21点：无可用场地
22点：无可用场地
下周日是 2025-08-31, 正在检查...
21点：无可用场地
22点：剩余 1 个场地
暂无更新

-- Debug timestamp: 2025-08-30T10:48:51.867640 --
今天是 2025-08-30, Saturday
下周六是 2025-08-30, 正在检查...
21点：无可用场地
22点：无可用场地
下周日是 2025-08-31, 正在检查...
21点：无可用场地
22点：剩余 1 个场地
暂无更新

-- Debug timestamp: 2025-08-30T10:57:01.988196 --
今天是 2025-08-30, Saturday
下周六是 2025-08-30, 正在检查...
21点：无可用场地
22点：无可用场地
下周日是 2025-08-31, 正在检查...
21点：无可用场地
22点：剩余 1 个场地
暂无更新

-- Debug timestamp: 2025-08-30T11:13:20.775765 --
今天是 2025-08-30, Saturday
下周六是 2025-08-30, 正在检查...
21点：无可用场地
22点：无可用场地
下周日是 2025-08-31, 正在检查...
21点：无可用场地
22点：剩余 1 个场地
暂无更新

-- Debug timestamp: 2025-08-30T11:24:31.748307 --
今天是 2025-08-30, Saturday
下周六是 2025-08-30, 正在检查...
21点：无可用场地
22点：无可用场地
下周日是 2025-08-31, 正在检查...
21点：无可用场地
22点：剩余 1 个场地
暂无更新

-- Debug timestamp: 2025-08-30T11:33:55.221587 --
今天是 2025-08-30, Saturday
下周六是 2025-08-30, 正在检查...
21点：无可用场地
22点：无可用场地
下周日是 2025-08-31, 正在检查...
21点：无可用场地
22点：剩余 1 个场地
暂无更新

-- Debug timestamp: 2025-08-30T11:42:07.891030 --
今天是 2025-08-30, Saturday
下周六是 2025-08-30, 正在检查...
21点：无可用场地
22点：无可用场地
下周日是 2025-08-31, 正在检查...
21点：无可用场地
22点：剩余 1 个场地
暂无更新

-- Debug timestamp: 2025-08-30T11:50:10.581525 --
今天是 2025-08-30, Saturday
下周六是 2025-08-30, 正在检查...
21点：无可用场地
22点：无可用场地
下周日是 2025-08-31, 正在检查...
21点：无可用场地
22点：剩余 1 个场地
暂无更新

-- Debug timestamp: 2025-08-30T11:58:12.696325 --
今天是 2025-08-30, Saturday
下周六是 2025-08-30, 正在检查...
21点：无可用场地
22点：无可用场地
下周日是 2025-08-31, 正在检查...
21点：无可用场地
22点：剩余 1 个场地
暂无更新

-- Debug timestamp: 2025-08-30T12:37:20.152708 --
今天是 2025-08-30, Saturday
下周六是 2025-08-30, 正在检查...
21点：无可用场地
22点：无可用场地
下周日是 2025-08-31, 正在检查...
21点：无可用场地
22点：剩余 1 个场地
暂无更新

-- Debug timestamp: 2025-08-30T13:01:57.118262 --
今天是 2025-08-30, Saturday
下周六是 2025-08-30, 正在检查...
请求失败：504 <!DOCTYPE HTML PUBLIC "-//W3C//DTD HTML 4.01 Transitional//EN" "http://www.w3.org/TR/html4/loose.dtd">
<HTML><HEAD><META HTTP-EQUIV="Content-Type" CONTENT="text/html; charset=iso-8859-1">
<TITLE>ERROR: The request could not be satisfied</TITLE>
</HEAD><BODY>
<H1>504 Gateway Timeout ERROR</H1>
<H2>The request could not be satisfied.</H2>
<HR noshade size="1px">
We can't connect to the server for this app or website at this time. There might be too much traffic or a configuration error. Try again later, or contact the app or website owner.
<BR clear="all">
If you provide content to customers through CloudFront, you can find steps to troubleshoot and help prevent this error by reviewing the CloudFront documentation.
<BR clear="all">
<HR noshade size="1px">
<PRE>
Generated by cloudfront (CloudFront) HTTP3 Server
Request ID: UHILz0zgD2NmCglgK6sZ3FzsD2dow4Gmm8TXjsVPaemO0ZyfI_1bnA&#x3D;&#x3D;
</PRE>
<ADDRESS>
</ADDRESS>
</BODY></HTML>
下周日是 2025-08-31, 正在检查...
请求失败：504 <!DOCTYPE HTML PUBLIC "-//W3C//DTD HTML 4.01 Transitional//EN" "http://www.w3.org/TR/html4/loose.dtd">
<HTML><HEAD><META HTTP-EQUIV="Content-Type" CONTENT="text/html; charset=iso-8859-1">
<TITLE>ERROR: The request could not be satisfied</TITLE>
</HEAD><BODY>
<H1>504 Gateway Timeout ERROR</H1>
<H2>The request could not be satisfied.</H2>
<HR noshade size="1px">
We can't connect to the server for this app or website at this time. There might be too much traffic or a configuration error. Try again later, or contact the app or website owner.
<BR clear="all">
If you provide content to customers through CloudFront, you can find steps to troubleshoot and help prevent this error by reviewing the CloudFront documentation.
<BR clear="all">
<HR noshade size="1px">
<PRE>
Generated by cloudfront (CloudFront) HTTP3 Server
Request ID: EDdj84piUd1mWSwBNXn82haIrtfWWwW8Ql3bZa-Ln_QYXn-FCkWMSQ&#x3D;&#x3D;
</PRE>
<ADDRESS>
</ADDRESS>
</BODY></HTML>
请求失败，跳过

-- Debug timestamp: 2025-08-30T13:27:29.014524 --
今天是 2025-08-30, Saturday
下周六是 2025-08-30, 正在检查...
21点：无可用场地
22点：无可用场地
下周日是 2025-08-31, 正在检查...
21点：无可用场地
22点：剩余 1 个场地
暂无更新

-- Debug timestamp: 2025-08-30T13:38:15.036309 --
今天是 2025-08-30, Saturday
下周六是 2025-08-30, 正在检查...
21点：无可用场地
22点：无可用场地
下周日是 2025-08-31, 正在检查...
21点：无可用场地
22点：剩余 1 个场地
暂无更新

-- Debug timestamp: 2025-08-30T13:46:49.578883 --
今天是 2025-08-30, Saturday
下周六是 2025-08-30, 正在检查...
21点：无可用场地
22点：无可用场地
下周日是 2025-08-31, 正在检查...
21点：无可用场地
22点：剩余 1 个场地
暂无更新

-- Debug timestamp: 2025-08-30T13:54:53.506694 --
今天是 2025-08-30, Saturday
下周六是 2025-08-30, 正在检查...
21点：无可用场地
22点：无可用场地
下周日是 2025-08-31, 正在检查...
21点：无可用场地
22点：剩余 1 个场地
暂无更新

-- Debug timestamp: 2025-08-30T14:10:37.632275 --
今天是 2025-08-30, Saturday
下周六是 2025-08-30, 正在检查...
21点：无可用场地
22点：无可用场地
下周日是 2025-08-31, 正在检查...
21点：无可用场地
22点：剩余 1 个场地
暂无更新

-- Debug timestamp: 2025-08-30T14:28:10.456015 --
今天是 2025-08-30, Saturday
下周六是 2025-08-30, 正在检查...
21点：无可用场地
22点：无可用场地
下周日是 2025-08-31, 正在检查...
21点：无可用场地
22点：剩余 1 个场地
暂无更新

-- Debug timestamp: 2025-08-30T14:38:44.507977 --
今天是 2025-08-30, Saturday
下周六是 2025-08-30, 正在检查...
21点：无可用场地
22点：无可用场地
下周日是 2025-08-31, 正在检查...
21点：无可用场地
22点：剩余 1 个场地
暂无更新

-- Debug timestamp: 2025-08-30T14:47:04.196281 --
今天是 2025-08-30, Saturday
下周六是 2025-08-30, 正在检查...
21点：无可用场地
22点：无可用场地
下周日是 2025-08-31, 正在检查...
21点：无可用场地
22点：剩余 1 个场地
暂无更新

-- Debug timestamp: 2025-08-30T14:55:00.502187 --
今天是 2025-08-30, Saturday
下周六是 2025-08-30, 正在检查...
21点：无可用场地
22点：无可用场地
下周日是 2025-08-31, 正在检查...
21点：无可用场地
22点：剩余 1 个场地
暂无更新

-- Debug timestamp: 2025-08-30T15:11:39.038339 --
今天是 2025-08-30, Saturday
下周六是 2025-08-30, 正在检查...
21点：无可用场地
22点：无可用场地
下周日是 2025-08-31, 正在检查...
21点：无可用场地
22点：剩余 1 个场地
暂无更新

-- Debug timestamp: 2025-08-30T15:27:34.208012 --
今天是 2025-08-30, Saturday
下周六是 2025-08-30, 正在检查...
21点：无可用场地
22点：无可用场地
下周日是 2025-08-31, 正在检查...
21点：无可用场地
22点：剩余 1 个场地
暂无更新

-- Debug timestamp: 2025-08-30T15:37:07.773024 --
今天是 2025-08-30, Saturday
下周六是 2025-08-30, 正在检查...
21点：无可用场地
22点：无可用场地
下周日是 2025-08-31, 正在检查...
21点：无可用场地
22点：剩余 1 个场地
暂无更新

-- Debug timestamp: 2025-08-30T15:44:55.727968 --
今天是 2025-08-30, Saturday
下周六是 2025-08-30, 正在检查...
21点：无可用场地
22点：无可用场地
下周日是 2025-08-31, 正在检查...
21点：无可用场地
22点：剩余 1 个场地
暂无更新

-- Debug timestamp: 2025-08-30T15:53:17.967597 --
今天是 2025-08-30, Saturday
下周六是 2025-08-30, 正在检查...
21点：无可用场地
22点：无可用场地
下周日是 2025-08-31, 正在检查...
21点：无可用场地
22点：剩余 1 个场地
暂无更新

-- Debug timestamp: 2025-08-30T16:10:20.371907 --
今天是 2025-08-30, Saturday
下周六是 2025-08-30, 正在检查...
21点：无可用场地
22点：无可用场地
下周日是 2025-08-31, 正在检查...
21点：无可用场地
22点：剩余 1 个场地
暂无更新

-- Debug timestamp: 2025-08-30T16:32:50.671363 --
今天是 2025-08-30, Saturday
下周六是 2025-08-30, 正在检查...
21点：无可用场地
22点：无可用场地
下周日是 2025-08-31, 正在检查...
21点：无可用场地
22点：剩余 1 个场地
暂无更新

-- Debug timestamp: 2025-08-30T16:45:05.578594 --
今天是 2025-08-30, Saturday
下周六是 2025-08-30, 正在检查...
21点：无可用场地
22点：无可用场地
下周日是 2025-08-31, 正在检查...
21点：无可用场地
22点：剩余 1 个场地
暂无更新

-- Debug timestamp: 2025-08-30T16:53:23.716273 --
今天是 2025-08-30, Saturday
下周六是 2025-08-30, 正在检查...
21点：无可用场地
22点：无可用场地
下周日是 2025-08-31, 正在检查...
21点：无可用场地
22点：剩余 1 个场地
暂无更新

-- Debug timestamp: 2025-08-30T17:07:07.215120 --
今天是 2025-08-30, Saturday
下周六是 2025-08-30, 正在检查...
21点：无可用场地
22点：无可用场地
下周日是 2025-08-31, 正在检查...
21点：无可用场地
22点：剩余 1 个场地
暂无更新

-- Debug timestamp: 2025-08-30T17:24:50.254758 --
今天是 2025-08-30, Saturday
下周六是 2025-08-30, 正在检查...
21点：无可用场地
22点：无可用场地
下周日是 2025-08-31, 正在检查...
21点：无可用场地
22点：剩余 1 个场地
暂无更新

-- Debug timestamp: 2025-08-30T17:35:21.003527 --
今天是 2025-08-30, Saturday
下周六是 2025-08-30, 正在检查...
21点：无可用场地
22点：无可用场地
下周日是 2025-08-31, 正在检查...
21点：无可用场地
22点：剩余 1 个场地
暂无更新

-- Debug timestamp: 2025-08-30T17:43:22.524190 --
今天是 2025-08-30, Saturday
下周六是 2025-08-30, 正在检查...
21点：无可用场地
22点：无可用场地
下周日是 2025-08-31, 正在检查...
21点：无可用场地
22点：剩余 1 个场地
暂无更新

-- Debug timestamp: 2025-08-30T17:51:29.608301 --
今天是 2025-08-30, Saturday
下周六是 2025-08-30, 正在检查...
21点：无可用场地
22点：无可用场地
下周日是 2025-08-31, 正在检查...
21点：无可用场地
22点：剩余 1 个场地
暂无更新

-- Debug timestamp: 2025-08-30T17:59:34.168846 --
今天是 2025-08-30, Saturday
下周六是 2025-08-30, 正在检查...
21点：无可用场地
22点：无可用场地
下周日是 2025-08-31, 正在检查...
21点：无可用场地
22点：剩余 1 个场地
暂无更新

-- Debug timestamp: 2025-08-30T18:29:53.060189 --
今天是 2025-08-30, Saturday
下周六是 2025-08-30, 正在检查...
21点：无可用场地
22点：无可用场地
下周日是 2025-08-31, 正在检查...
21点：无可用场地
22点：剩余 1 个场地
暂无更新

-- Debug timestamp: 2025-08-30T18:45:25.910056 --
今天是 2025-08-30, Saturday
下周六是 2025-08-30, 正在检查...
21点：无可用场地
22点：无可用场地
下周日是 2025-08-31, 正在检查...
21点：无可用场地
22点：剩余 1 个场地
暂无更新

-- Debug timestamp: 2025-08-30T18:53:29.516712 --
今天是 2025-08-30, Saturday
下周六是 2025-08-30, 正在检查...
21点：无可用场地
22点：无可用场地
下周日是 2025-08-31, 正在检查...
21点：无可用场地
22点：剩余 1 个场地
暂无更新

-- Debug timestamp: 2025-08-30T19:06:50.743584 --
今天是 2025-08-30, Saturday
下周六是 2025-08-30, 正在检查...
21点：无可用场地
22点：无可用场地
下周日是 2025-08-31, 正在检查...
21点：无可用场地
22点：剩余 1 个场地
暂无更新

-- Debug timestamp: 2025-08-30T19:20:23.112068 --
今天是 2025-08-30, Saturday
下周六是 2025-08-30, 正在检查...
21点：无可用场地
22点：无可用场地
下周日是 2025-08-31, 正在检查...
21点：无可用场地
22点：剩余 1 个场地
暂无更新

-- Debug timestamp: 2025-08-30T19:28:17.131311 --
今天是 2025-08-30, Saturday
下周六是 2025-08-30, 正在检查...
21点：无可用场地
22点：无可用场地
下周日是 2025-08-31, 正在检查...
21点：无可用场地
22点：剩余 1 个场地
暂无更新

-- Debug timestamp: 2025-08-30T19:37:47.655061 --
今天是 2025-08-30, Saturday
下周六是 2025-08-30, 正在检查...
21点：无可用场地
22点：无可用场地
下周日是 2025-08-31, 正在检查...
21点：无可用场地
22点：剩余 1 个场地
暂无更新

-- Debug timestamp: 2025-08-30T19:45:43.618153 --
今天是 2025-08-30, Saturday
下周六是 2025-08-30, 正在检查...
21点：无可用场地
22点：无可用场地
下周日是 2025-08-31, 正在检查...
21点：无可用场地
22点：剩余 1 个场地
暂无更新

-- Debug timestamp: 2025-08-30T19:53:59.103056 --
今天是 2025-08-30, Saturday
下周六是 2025-08-30, 正在检查...
21点：无可用场地
22点：无可用场地
下周日是 2025-08-31, 正在检查...
21点：无可用场地
22点：剩余 1 个场地
暂无更新

-- Debug timestamp: 2025-08-30T20:10:36.283710 --
今天是 2025-08-30, Saturday
下周六是 2025-08-30, 正在检查...
21点：无可用场地
22点：无可用场地
下周日是 2025-08-31, 正在检查...
21点：无可用场地
22点：剩余 1 个场地
暂无更新

-- Debug timestamp: 2025-08-30T20:28:38.804992 --
今天是 2025-08-30, Saturday
下周六是 2025-08-30, 正在检查...
21点：无可用场地
22点：无可用场地
下周日是 2025-08-31, 正在检查...
21点：无可用场地
22点：剩余 1 个场地
暂无更新

-- Debug timestamp: 2025-08-30T20:39:09.228388 --
今天是 2025-08-30, Saturday
下周六是 2025-08-30, 正在检查...
21点：无可用场地
22点：无可用场地
下周日是 2025-08-31, 正在检查...
21点：无可用场地
22点：剩余 1 个场地
暂无更新

-- Debug timestamp: 2025-08-30T20:47:03.435952 --
今天是 2025-08-30, Saturday
下周六是 2025-08-30, 正在检查...
21点：无可用场地
22点：无可用场地
下周日是 2025-08-31, 正在检查...
21点：无可用场地
22点：剩余 1 个场地
暂无更新

-- Debug timestamp: 2025-08-30T20:55:24.709759 --
今天是 2025-08-30, Saturday
下周六是 2025-08-30, 正在检查...
21点：无可用场地
22点：无可用场地
下周日是 2025-08-31, 正在检查...
21点：无可用场地
22点：剩余 1 个场地
暂无更新

-- Debug timestamp: 2025-08-30T21:11:37.130831 --
今天是 2025-08-30, Saturday
下周六是 2025-08-30, 正在检查...
未找到可用场地
下周日是 2025-08-31, 正在检查...
21点：无可用场地
22点：剩余 1 个场地
已发送邮件

-- Debug timestamp: 2025-08-30T21:25:48.218551 --
今天是 2025-08-30, Saturday
下周六是 2025-08-30, 正在检查...
未找到可用场地
下周日是 2025-08-31, 正在检查...
21点：无可用场地
22点：剩余 1 个场地
暂无更新

-- Debug timestamp: 2025-08-30T21:35:17.970339 --
今天是 2025-08-30, Saturday
下周六是 2025-08-30, 正在检查...
未找到可用场地
下周日是 2025-08-31, 正在检查...
21点：无可用场地
22点：剩余 1 个场地
暂无更新

-- Debug timestamp: 2025-08-30T21:43:12.668218 --
今天是 2025-08-30, Saturday
下周六是 2025-08-30, 正在检查...
未找到可用场地
下周日是 2025-08-31, 正在检查...
21点：无可用场地
22点：剩余 1 个场地
暂无更新

-- Debug timestamp: 2025-08-30T21:51:31.132351 --
今天是 2025-08-30, Saturday
下周六是 2025-08-30, 正在检查...
未找到可用场地
下周日是 2025-08-31, 正在检查...
21点：无可用场地
22点：剩余 1 个场地
暂无更新

-- Debug timestamp: 2025-08-30T21:59:48.193916 --
今天是 2025-08-30, Saturday
下周六是 2025-08-30, 正在检查...
未找到可用场地
下周日是 2025-08-31, 正在检查...
21点：无可用场地
22点：剩余 1 个场地
暂无更新

-- Debug timestamp: 2025-08-30T22:20:46.207462 --
今天是 2025-08-30, Saturday
下周六是 2025-08-30, 正在检查...
未找到可用场地
下周日是 2025-08-31, 正在检查...
21点：无可用场地
22点：剩余 1 个场地
暂无更新

